0 info it worked if it ends with ok
1 verbose cli [ '/usr/local/bin/node', '/usr/local/bin/npm', 'start' ]
2 info using npm@3.10.8
3 info using node@v4.4.6
4 verbose run-script [ 'prestart', 'start', 'poststart' ]
5 info lifecycle pwitter-frontend@~prestart: pwitter-frontend@
6 silly lifecycle pwitter-frontend@~prestart: no script for prestart, continuing
7 info lifecycle pwitter-frontend@~start: pwitter-frontend@
8 verbose lifecycle pwitter-frontend@~start: unsafe-perm in lifecycle true
9 verbose lifecycle pwitter-frontend@~start: PATH: /usr/local/lib/node_modules/npm/bin/node-gyp-bin:/Users/reneechu/Projects/pwitter-frontend/node_modules/.bin:/Users/reneechu/.rvm/gems/ruby-2.2.1/bin:/Users/reneechu/.rvm/gems/ruby-2.2.1@global/bin:/Users/reneechu/.rvm/rubies/ruby-2.2.1/bin:/usr/local/bin:/usr/bin:/bin:/usr/sbin:/sbin:/Users/reneechu/.rvm/bin:/usr/local/opt/go/libexec/bin
10 verbose lifecycle pwitter-frontend@~start: CWD: /Users/reneechu/Projects/pwitter-frontend
11 silly lifecycle pwitter-frontend@~start: Args: [ '-c', 'python -m SimpleHTTPServer 8080' ]
12 silly lifecycle pwitter-frontend@~start: Returned: code: 1  signal: null
13 info lifecycle pwitter-frontend@~start: Failed to exec start script
14 verbose stack Error: pwitter-frontend@ start: `python -m SimpleHTTPServer 8080`
14 verbose stack Exit status 1
14 verbose stack     at EventEmitter.<anonymous> (/usr/local/lib/node_modules/npm/lib/utils/lifecycle.js:255:16)
14 verbose stack     at emitTwo (events.js:87:13)
14 verbose stack     at EventEmitter.emit (events.js:172:7)
14 verbose stack     at ChildProcess.<anonymous> (/usr/local/lib/node_modules/npm/lib/utils/spawn.js:40:14)
14 verbose stack     at emitTwo (events.js:87:13)
14 verbose stack     at ChildProcess.emit (events.js:172:7)
14 verbose stack     at maybeClose (internal/child_process.js:827:16)
14 verbose stack     at Process.ChildProcess._handle.onexit (internal/child_process.js:211:5)
15 verbose pkgid pwitter-frontend@
16 verbose cwd /Users/reneechu/Projects/pwitter-frontend
17 error Darwin 15.0.0
18 error argv "/usr/local/bin/node" "/usr/local/bin/npm" "start"
19 error node v4.4.6
20 error npm  v3.10.8
21 error code ELIFECYCLE
22 error pwitter-frontend@ start: `python -m SimpleHTTPServer 8080`
22 error Exit status 1
23 error Failed at the pwitter-frontend@ start script 'python -m SimpleHTTPServer 8080'.
23 error Make sure you have the latest version of node.js and npm installed.
23 error If you do, this is most likely a problem with the pwitter-frontend package,
23 error not with npm itself.
23 error Tell the author that this fails on your system:
23 error     python -m SimpleHTTPServer 8080
23 error You can get information on how to open an issue for this project with:
23 error     npm bugs pwitter-frontend
23 error Or if that isn't available, you can get their info via:
23 error     npm owner ls pwitter-frontend
23 error There is likely additional logging output above.
24 verbose exit [ 1, true ]
